2021-02-21 18:20:40 INFO:log:Empezamos la app...
2021-02-21 18:20:46 INFO:log:Leyendo el Config...
2021-02-21 18:22:51 INFO:log:Empezamos la app...
2021-02-21 18:22:53 INFO:log:Leyendo el Config...
2021-02-21 18:22:56 ERROR:log:File not found. Config file must be named 'config.xml'
2021-02-21 18:22:56 ERROR:log:La aplicación ha petado...
2021-02-21 18:25:05 INFO:log:Empezamos la app...
2021-02-21 18:25:06 INFO:log:Leyendo el Config...
2021-02-21 18:25:07 ERROR:log:File not found. Config file must be named 'config.xml'
2021-02-21 18:25:07 ERROR:log:La aplicación ha petado...
2021-02-21 18:26:24 INFO:log:Empezamos la app...
2021-02-21 18:26:27 INFO:log:Leyendo el Config...
2021-02-21 18:26:29 INFO:log:Config file readed
2021-02-21 18:26:29 ERROR:log:The following nodes:, configNode,predictNode are incorrect
2021-02-21 18:26:29 ERROR:log:La aplicación ha petado...
2021-02-21 18:30:19 INFO:log:Empezamos la app...
2021-02-21 18:30:19 INFO:log:Leyendo el Config...
2021-02-21 18:30:21 INFO:log:Config file readed
2021-02-21 18:30:21 ERROR:log:The following nodes:, predictNode are incorrect
2021-02-21 18:30:21 ERROR:log:La aplicación ha petado...
2021-02-21 18:31:13 INFO:log:Empezamos la app...
2021-02-21 18:31:14 INFO:log:Leyendo el Config...
2021-02-21 18:31:15 INFO:log:Config file readed
2021-02-21 18:31:15 INFO:log:Config file checked
2021-02-21 18:31:20 INFO:log:Config leido.
2021-02-21 18:31:22 INFO:log:Leyendo los datos...
2021-02-21 18:31:54 ERROR:log:Datos no encontrados en su ruta. Verifica el archivo datos
2021-02-21 18:31:54 ERROR:log:La aplicación ha petado...
2021-02-21 18:35:24 INFO:log:Empezamos la app...
2021-02-21 18:35:24 INFO:log:Leyendo el Config...
2021-02-21 18:35:25 INFO:log:Config file readed
2021-02-21 18:35:25 INFO:log:Config file checked
2021-02-21 18:35:26 INFO:log:Config leido.
2021-02-21 18:35:27 INFO:log:Leyendo los datos...
2021-02-21 18:35:44 ERROR:log:Datos no encontrados en su ruta. Verifica el archivo datos
2021-02-21 18:35:44 ERROR:log:La aplicación ha petado...
2021-02-21 18:37:43 INFO:log:Empezamos la app...
2021-02-21 18:37:45 INFO:log:Leyendo el Config...
2021-02-21 18:37:47 INFO:log:Config file readed
2021-02-21 18:37:47 INFO:log:Config file checked
2021-02-21 18:37:55 INFO:log:Config leido.
2021-02-21 18:37:58 INFO:log:Leyendo los datos...
2021-02-21 18:38:18 ERROR:log:Datos no encontrados en su ruta. Verifica el archivo datos
2021-02-21 18:38:18 ERROR:log:La aplicación ha petado...
2021-02-21 18:41:10 INFO:log:Empezamos la app...
2021-02-21 18:41:10 INFO:log:Leyendo el Config...
2021-02-21 18:41:11 INFO:log:Config file readed
2021-02-21 18:41:11 INFO:log:Config file checked
2021-02-21 18:41:11 INFO:log:Config leido.
2021-02-21 18:41:12 INFO:log:Leyendo los datos...
2021-02-21 18:41:51 ERROR:log:Datos no encontrados en su ruta. Verifica el archivo datos
2021-02-21 18:41:51 ERROR:log:La aplicación ha petado...
2021-02-21 18:49:50 INFO:log:Empezamos la app...
2021-02-21 18:49:51 INFO:log:Leyendo el Config...
2021-02-21 18:49:51 INFO:log:Config file readed
2021-02-21 18:49:51 INFO:log:Config file checked
2021-02-21 18:49:51 INFO:log:Config leido.
2021-02-21 18:49:51 INFO:log:Leyendo los datos...
2021-02-21 18:50:03 ERROR:log:Datos no encontrados en su ruta. Verifica el archivo datos
2021-02-21 18:50:03 ERROR:log:La aplicación ha petado...
2021-02-21 19:03:02 INFO:log:Empezamos la app...
2021-02-21 19:03:02 INFO:log:Leyendo el Config...
2021-02-21 19:03:02 INFO:log:Config file readed
2021-02-21 19:03:02 INFO:log:Config file checked
2021-02-21 19:03:08 INFO:log:Config leido.
2021-02-21 19:03:10 INFO:log:Leyendo los datos...
2021-02-21 19:04:06 INFO:log:Datos leidos.
2021-02-21 19:04:07 INFO:log:Procesando los datos...
2021-02-21 19:04:08 ERROR:log:La aplicación ha petado...
2021-02-21 19:08:31 INFO:log:Empezamos la app...
2021-02-21 19:08:32 INFO:log:Leyendo el Config...
2021-02-21 19:08:32 INFO:log:Config file readed
2021-02-21 19:08:32 INFO:log:Config file checked
2021-02-21 19:08:32 INFO:log:Config leido.
2021-02-21 19:08:32 INFO:log:Leyendo los datos...
2021-02-21 19:08:40 INFO:log:Datos leidos.
2021-02-21 19:08:47 INFO:log:Procesando los datos...
2021-02-21 19:08:50 ERROR:log:La aplicación ha petado...
2021-02-21 19:10:49 INFO:log:Empezamos la app...
2021-02-21 19:10:49 INFO:log:Leyendo el Config...
2021-02-21 19:10:49 INFO:log:Config file readed
2021-02-21 19:10:49 INFO:log:Config file checked
2021-02-21 19:10:49 INFO:log:Config leido.
2021-02-21 19:10:49 INFO:log:Leyendo los datos...
2021-02-21 19:11:02 INFO:log:Datos leidos.
2021-02-21 19:11:03 INFO:log:Procesando los datos...
2021-02-21 19:11:06 ERROR:log:La aplicación ha petado...
2021-02-21 19:18:10 INFO:log:Empezamos la app...
2021-02-21 19:18:10 INFO:log:Leyendo el Config...
2021-02-21 19:18:10 INFO:log:Config file readed
2021-02-21 19:18:10 INFO:log:Config file checked
2021-02-21 19:18:11 INFO:log:Config leido.
2021-02-21 19:18:11 INFO:log:Leyendo los datos...
2021-02-21 19:18:23 INFO:log:Datos leidos.
2021-02-21 19:18:26 INFO:log:Procesando los datos...
2021-02-21 19:18:27 ERROR:log:La aplicación ha petado...
2021-02-21 19:24:29 INFO:log:Empezamos la app...
2021-02-21 19:24:29 INFO:log:Leyendo el Config...
2021-02-21 19:24:30 INFO:log:Config file readed
2021-02-21 19:24:30 INFO:log:Config file checked
2021-02-21 19:24:30 INFO:log:Config leido.
2021-02-21 19:24:31 INFO:log:Leyendo los datos...
2021-02-21 19:24:49 INFO:log:Datos leidos.
2021-02-21 19:24:51 INFO:log:Procesando los datos...
2021-02-21 19:24:51 ERROR:log:La aplicación ha petado...
2021-02-21 19:24:55 INFO:log:Fin de la ejecucion.
2021-02-21 19:25:29 INFO:log:Empezamos la app...
2021-02-21 19:25:29 INFO:log:Leyendo el Config...
2021-02-21 19:25:30 INFO:log:Config file readed
2021-02-21 19:25:30 INFO:log:Config file checked
2021-02-21 19:25:30 INFO:log:Config leido.
2021-02-21 19:25:30 INFO:log:Leyendo los datos...
2021-02-21 19:25:36 INFO:log:Datos leidos.
2021-02-21 19:25:37 INFO:log:Procesando los datos...
2021-02-21 19:25:38 ERROR:log:La aplicación ha petado...
2021-02-21 19:34:30 INFO:log:Empezamos la app...
2021-02-21 19:34:30 INFO:log:Leyendo el Config...
2021-02-21 19:34:31 INFO:log:Config file readed
2021-02-21 19:34:31 INFO:log:Config file checked
2021-02-21 19:34:32 INFO:log:Config leido.
2021-02-21 19:34:33 INFO:log:Leyendo los datos...
2021-02-21 19:34:58 INFO:log:Datos leidos.
2021-02-21 19:35:00 INFO:log:Procesando los datos...
2021-02-21 19:35:09 INFO:log:Datos procesados.
2021-02-21 19:35:12 INFO:log:Generando modelo...
2021-02-21 19:35:17 ERROR:log:La aplicación ha petado...
2021-02-21 19:43:03 INFO:log:Empezamos la app...
2021-02-21 19:43:04 INFO:log:Leyendo el Config...
2021-02-21 19:43:04 INFO:log:Config file readed
2021-02-21 19:43:04 INFO:log:Config file checked
2021-02-21 19:43:04 INFO:log:Config leido.
2021-02-21 19:43:04 INFO:log:Leyendo los datos...
2021-02-21 19:43:13 INFO:log:Datos leidos.
2021-02-21 19:43:15 INFO:log:Procesando los datos...
2021-02-21 19:43:31 INFO:log:Datos procesados.
2021-02-21 19:43:40 INFO:log:Generando modelo...
2021-02-21 19:44:20 INFO:log:Fin de la ejecucion.
2021-02-21 19:45:38 INFO:log:Empezamos la app...
2021-02-21 19:45:39 INFO:log:Leyendo el Config...
2021-02-21 19:45:39 INFO:log:Config file readed
2021-02-21 19:45:39 INFO:log:Config file checked
2021-02-21 19:45:40 INFO:log:Config leido.
2021-02-21 19:45:41 INFO:log:Leyendo los datos...
2021-02-21 19:46:09 INFO:log:Datos leidos.
2021-02-21 19:46:10 INFO:log:Procesando los datos...
2021-02-21 19:46:12 INFO:log:Datos procesados.
2021-02-21 19:46:12 INFO:log:Generando modelo...
2021-02-21 19:49:41 INFO:log:Fin de la ejecucion.
2021-02-21 19:50:10 INFO:log:Empezamos la app...
2021-02-21 19:50:11 INFO:log:Leyendo el Config...
2021-02-21 19:50:11 INFO:log:Config file readed
2021-02-21 19:50:11 INFO:log:Config file checked
2021-02-21 19:50:12 INFO:log:Config leido.
2021-02-21 19:50:12 INFO:log:Leyendo los datos...
2021-02-21 19:50:28 INFO:log:Datos leidos.
2021-02-21 19:50:29 INFO:log:Procesando los datos...
2021-02-21 19:50:30 INFO:log:Datos procesados.
2021-02-21 19:51:03 INFO:log:Modelo generado.
2021-02-21 19:51:04 INFO:log:Generando output...
2021-02-21 19:51:13 ERROR:log:Ha fallado el guardado de la predicción!!
2021-02-21 19:51:13 ERROR:log:Ha fallado el guardado del modelo!!
2021-02-21 20:06:01 INFO:log:Fin de la ejecucion.
2021-02-21 20:06:16 INFO:log:Empezamos la app...
2021-02-21 20:06:17 INFO:log:Leyendo el Config...
2021-02-21 20:06:17 INFO:log:Config file readed
2021-02-21 20:06:17 INFO:log:Config file checked
2021-02-21 20:06:17 INFO:log:Config leido.
2021-02-21 20:06:17 INFO:log:Leyendo los datos...
2021-02-21 20:06:28 INFO:log:Datos leidos.
2021-02-21 20:06:29 INFO:log:Procesando los datos...
2021-02-21 20:06:30 INFO:log:Datos procesados.
2021-02-21 20:06:31 INFO:log:Generando modelo...
2021-02-21 20:06:32 ERROR:log:La aplicación ha petado...
2021-02-21 20:12:24 INFO:log:Empezamos la app...
2021-02-21 20:12:24 INFO:log:Leyendo el Config...
2021-02-21 20:12:25 INFO:log:Config file readed
2021-02-21 20:12:25 INFO:log:Config file checked
2021-02-21 20:12:26 INFO:log:Config leido.
2021-02-21 20:12:26 INFO:log:Leyendo los datos...
2021-02-21 20:12:36 INFO:log:Datos leidos.
2021-02-21 20:12:37 INFO:log:Procesando los datos...
2021-02-21 20:12:37 INFO:log:Datos procesados.
2021-02-21 20:12:38 INFO:log:Generando modelo...
2021-02-21 20:12:39 ERROR:log:La aplicación ha petado...
2021-02-21 20:12:39 INFO:log:Fin de la ejecucion.
2021-02-21 20:14:13 INFO:log:Empezamos la app...
2021-02-21 20:14:13 INFO:log:Leyendo el Config...
2021-02-21 20:14:13 INFO:log:Config file readed
2021-02-21 20:14:13 INFO:log:Config file checked
2021-02-21 20:14:14 INFO:log:Config leido.
2021-02-21 20:14:14 INFO:log:Leyendo los datos...
2021-02-21 20:14:23 INFO:log:Datos leidos.
2021-02-21 20:14:24 INFO:log:Procesando los datos...
2021-02-21 20:14:25 INFO:log:Datos procesados.
2021-02-21 20:14:29 INFO:log:Generando modelo...
2021-02-21 20:14:31 ERROR:log:La aplicación ha petado...
2021-02-21 20:14:54 INFO:log:Empezamos la app...
2021-02-21 20:14:55 INFO:log:Leyendo el Config...
2021-02-21 20:14:55 INFO:log:Config file readed
2021-02-21 20:14:55 INFO:log:Config file checked
2021-02-21 20:14:55 INFO:log:Config leido.
2021-02-21 20:14:55 INFO:log:Leyendo los datos...
2021-02-21 20:15:03 INFO:log:Datos leidos.
2021-02-21 20:15:04 INFO:log:Procesando los datos...
2021-02-21 20:15:23 INFO:log:Datos procesados.
2021-02-21 20:15:27 INFO:log:Generando modelo...
2021-02-21 20:15:29 ERROR:log:La aplicación ha petado...
2021-02-21 20:18:23 INFO:log:Empezamos la app...
2021-02-21 20:18:23 INFO:log:Leyendo el Config...
2021-02-21 20:18:24 INFO:log:Config file readed
2021-02-21 20:18:24 INFO:log:Config file checked
2021-02-21 20:18:24 INFO:log:Config leido.
2021-02-21 20:18:25 INFO:log:Leyendo los datos...
2021-02-21 20:18:52 INFO:log:Datos leidos.
2021-02-21 20:18:53 INFO:log:Procesando los datos...
2021-02-21 20:18:56 INFO:log:Datos procesados.
2021-02-21 20:20:06 INFO:log:Generando modelo...
2021-02-21 20:20:07 ERROR:log:La aplicación ha petado...
2021-02-21 20:23:28 INFO:log:Empezamos la app...
2021-02-21 20:23:29 INFO:log:Leyendo el Config...
2021-02-21 20:23:30 INFO:log:Config file readed
2021-02-21 20:23:30 INFO:log:Config file checked
2021-02-21 20:23:30 INFO:log:Config leido.
2021-02-21 20:23:31 INFO:log:Leyendo los datos...
2021-02-21 20:24:35 INFO:log:Datos leidos.
2021-02-21 20:24:36 INFO:log:Procesando los datos...
2021-02-21 20:24:48 INFO:log:Datos procesados.
2021-02-21 20:24:50 INFO:log:Generando modelo...
2021-02-21 20:24:51 ERROR:log:La aplicación ha petado...
2021-02-21 20:27:35 INFO:log:Empezamos la app...
2021-02-21 20:27:35 INFO:log:Leyendo el Config...
2021-02-21 20:27:35 INFO:log:Config file readed
2021-02-21 20:27:35 INFO:log:Config file checked
2021-02-21 20:27:36 INFO:log:Config leido.
2021-02-21 20:27:36 INFO:log:Leyendo los datos...
2021-02-21 20:27:53 INFO:log:Datos leidos.
2021-02-21 20:27:54 INFO:log:Procesando los datos...
2021-02-21 20:27:56 INFO:log:Datos procesados.
2021-02-21 20:27:57 INFO:log:Generando modelo...
2021-02-21 20:27:57 ERROR:log:La aplicación ha petado...
2021-02-21 20:30:32 INFO:log:Empezamos la app...
2021-02-21 20:30:33 INFO:log:Leyendo el Config...
2021-02-21 20:30:33 INFO:log:Config file readed
2021-02-21 20:30:33 INFO:log:Config file checked
2021-02-21 20:30:34 INFO:log:Config leido.
2021-02-21 20:30:34 INFO:log:Leyendo los datos...
2021-02-21 20:31:01 INFO:log:Datos leidos.
2021-02-21 20:31:02 INFO:log:Procesando los datos...
2021-02-21 20:31:02 INFO:log:Datos procesados.
2021-02-21 20:31:03 INFO:log:Generando modelo...
2021-02-21 20:31:03 ERROR:log:La aplicación ha petado...
2021-02-21 20:36:54 INFO:log:Datos procesados.
2021-02-21 20:36:54 INFO:log:Generando modelo...
2021-02-21 20:36:55 INFO:log:Modelo generado.
2021-02-21 20:36:55 INFO:log:Generando output...
2021-02-21 20:36:56 ERROR:log:Ha fallado el guardado de la predicción!!
2021-02-21 20:36:57 INFO:log:Output generado.
2021-02-21 20:37:33 INFO:log:Empezamos la app...
2021-02-21 20:37:33 INFO:log:Leyendo el Config...
2021-02-21 20:37:34 INFO:log:Config file readed
2021-02-21 20:37:34 INFO:log:Config file checked
2021-02-21 20:37:34 INFO:log:Config leido.
2021-02-21 20:37:34 INFO:log:Leyendo los datos...
2021-02-21 20:37:44 INFO:log:Datos leidos.
2021-02-21 20:37:45 INFO:log:Procesando los datos...
2021-02-21 20:37:46 INFO:log:Datos procesados.
2021-02-21 20:37:46 INFO:log:Generando modelo...
2021-02-21 20:37:47 ERROR:log:La aplicación ha petado...
2021-02-21 20:37:48 INFO:log:Fin de la ejecucion.
